2018-06-22 14:10:10 8204 [Note] InnoDB: Using mutexes to ref count buffer pool pages
2018-06-22 14:10:10 8204 [Note] InnoDB: The InnoDB memory heap is disabled
2018-06-22 14:10:10 8204 [Note] InnoDB: Mutexes and rw_locks use Windows interlocked functions
2018-06-22 14:10:10 8204 [Note] InnoDB: _mm_lfence() and _mm_sfence() are used for memory barrier
2018-06-22 14:10:10 8204 [Note] InnoDB: Compressed tables use zlib 1.2.3
2018-06-22 14:10:10 8204 [Note] InnoDB: Using generic crc32 instructions
2018-06-22 14:10:10 8204 [Note] InnoDB: Initializing buffer pool, size = 256.0M
2018-06-22 14:10:10 8204 [Note] InnoDB: Completed initialization of buffer pool
2018-06-22 14:10:10 8204 [Note] InnoDB: Highest supported file format is Barracuda.
2018-06-22 14:10:11 200c  InnoDB: Operating system error number 3 in a file operation.
InnoDB: The error means the system cannot find the path specified.
InnoDB: If you are installing InnoDB, remember that you must create
InnoDB: directories yourself, InnoDB does not create them.
2018-06-22 14:10:11 8204 [ERROR] InnoDB: Could not find a valid tablespace file for 'phpmyadmin/pma__bookmark'. See http://dev.mysql.com/doc/refman/5.6/en/innodb-troubleshooting-datadict.html for how to resolve the issue.
2018-06-22 14:10:11 8204 [ERROR] InnoDB: Tablespace open failed for '"phpmyadmin"."pma__bookmark"', ignored.
2018-06-22 14:10:11 200c  InnoDB: Operating system error number 3 in a file operation.
InnoDB: The error means the system cannot find the path specified.
InnoDB: If you are installing InnoDB, remember that you must create
InnoDB: directories yourself, InnoDB does not create them.
2018-06-22 14:10:11 8204 [ERROR] InnoDB: Could not find a valid tablespace file for 'phpmyadmin/pma__central_columns'. See http://dev.mysql.com/doc/refman/5.6/en/innodb-troubleshooting-datadict.html for how to resolve the issue.
2018-06-22 14:10:11 8204 [ERROR] InnoDB: Tablespace open failed for '"phpmyadmin"."pma__central_columns"', ignored.
2018-06-22 14:10:11 200c  InnoDB: Operating system error number 3 in a file operation.
InnoDB: The error means the system cannot find the path specified.
InnoDB: If you are installing InnoDB, remember that you must create
InnoDB: directories yourself, InnoDB does not create them.
2018-06-22 14:10:11 8204 [ERROR] InnoDB: Could not find a valid tablespace file for 'phpmyadmin/pma__column_info'. See http://dev.mysql.com/doc/refman/5.6/en/innodb-troubleshooting-datadict.html for how to resolve the issue.
2018-06-22 14:10:11 8204 [ERROR] InnoDB: Tablespace open failed for '"phpmyadmin"."pma__column_info"', ignored.
2018-06-22 14:10:11 200c  InnoDB: Operating system error number 3 in a file operation.
InnoDB: The error means the system cannot find the path specified.
InnoDB: If you are installing InnoDB, remember that you must create
InnoDB: directories yourself, InnoDB does not create them.
2018-06-22 14:10:11 8204 [ERROR] InnoDB: Could not find a valid tablespace file for 'phpmyadmin/pma__designer_settings'. See http://dev.mysql.com/doc/refman/5.6/en/innodb-troubleshooting-datadict.html for how to resolve the issue.
2018-06-22 14:10:11 8204 [ERROR] InnoDB: Tablespace open failed for '"phpmyadmin"."pma__designer_settings"', ignored.
2018-06-22 14:10:11 200c  InnoDB: Operating system error number 3 in a file operation.
InnoDB: The error means the system cannot find the path specified.
InnoDB: If you are installing InnoDB, remember that you must create
InnoDB: directories yourself, InnoDB does not create them.
2018-06-22 14:10:11 8204 [ERROR] InnoDB: Could not find a valid tablespace file for 'phpmyadmin/pma__export_templates'. See http://dev.mysql.com/doc/refman/5.6/en/innodb-troubleshooting-datadict.html for how to resolve the issue.
2018-06-22 14:10:11 8204 [ERROR] InnoDB: Tablespace open failed for '"phpmyadmin"."pma__export_templates"', ignored.
2018-06-22 14:10:11 200c  InnoDB: Operating system error number 3 in a file operation.
InnoDB: The error means the system cannot find the path specified.
InnoDB: If you are installing InnoDB, remember that you must create
InnoDB: directories yourself, InnoDB does not create them.
2018-06-22 14:10:11 8204 [ERROR] InnoDB: Could not find a valid tablespace file for 'phpmyadmin/pma__favorite'. See http://dev.mysql.com/doc/refman/5.6/en/innodb-troubleshooting-datadict.html for how to resolve the issue.
2018-06-22 14:10:11 8204 [ERROR] InnoDB: Tablespace open failed for '"phpmyadmin"."pma__favorite"', ignored.
2018-06-22 14:10:11 200c  InnoDB: Operating system error number 3 in a file operation.
InnoDB: The error means the system cannot find the path specified.
InnoDB: If you are installing InnoDB, remember that you must create
InnoDB: directories yourself, InnoDB does not create them.
2018-06-22 14:10:11 8204 [ERROR] InnoDB: Could not find a valid tablespace file for 'phpmyadmin/pma__history'. See http://dev.mysql.com/doc/refman/5.6/en/innodb-troubleshooting-datadict.html for how to resolve the issue.
2018-06-22 14:10:11 8204 [ERROR] InnoDB: Tablespace open failed for '"phpmyadmin"."pma__history"', ignored.
2018-06-22 14:10:11 200c  InnoDB: Operating system error number 3 in a file operation.
InnoDB: The error means the system cannot find the path specified.
InnoDB: If you are installing InnoDB, remember that you must create
InnoDB: directories yourself, InnoDB does not create them.
2018-06-22 14:10:11 8204 [ERROR] InnoDB: Could not find a valid tablespace file for 'phpmyadmin/pma__navigationhiding'. See http://dev.mysql.com/doc/refman/5.6/en/innodb-troubleshooting-datadict.html for how to resolve the issue.
2018-06-22 14:10:11 8204 [ERROR] InnoDB: Tablespace open failed for '"phpmyadmin"."pma__navigationhiding"', ignored.
2018-06-22 14:10:11 200c  InnoDB: Operating system error number 3 in a file operation.
InnoDB: The error means the system cannot find the path specified.
InnoDB: If you are installing InnoDB, remember that you must create
InnoDB: directories yourself, InnoDB does not create them.
2018-06-22 14:10:11 8204 [ERROR] InnoDB: Could not find a valid tablespace file for 'phpmyadmin/pma__pdf_pages'. See http://dev.mysql.com/doc/refman/5.6/en/innodb-troubleshooting-datadict.html for how to resolve the issue.
2018-06-22 14:10:11 8204 [ERROR] InnoDB: Tablespace open failed for '"phpmyadmin"."pma__pdf_pages"', ignored.
2018-06-22 14:10:11 200c  InnoDB: Operating system error number 3 in a file operation.
InnoDB: The error means the system cannot find the path specified.
InnoDB: If you are installing InnoDB, remember that you must create
InnoDB: directories yourself, InnoDB does not create them.
2018-06-22 14:10:11 8204 [ERROR] InnoDB: Could not find a valid tablespace file for 'phpmyadmin/pma__recent'. See http://dev.mysql.com/doc/refman/5.6/en/innodb-troubleshooting-datadict.html for how to resolve the issue.
2018-06-22 14:10:11 8204 [ERROR] InnoDB: Tablespace open failed for '"phpmyadmin"."pma__recent"', ignored.
2018-06-22 14:10:11 200c  InnoDB: Operating system error number 3 in a file operation.
InnoDB: The error means the system cannot find the path specified.
InnoDB: If you are installing InnoDB, remember that you must create
InnoDB: directories yourself, InnoDB does not create them.
2018-06-22 14:10:11 8204 [ERROR] InnoDB: Could not find a valid tablespace file for 'phpmyadmin/pma__relation'. See http://dev.mysql.com/doc/refman/5.6/en/innodb-troubleshooting-datadict.html for how to resolve the issue.
2018-06-22 14:10:11 8204 [ERROR] InnoDB: Tablespace open failed for '"phpmyadmin"."pma__relation"', ignored.
2018-06-22 14:10:11 200c  InnoDB: Operating system error number 3 in a file operation.
InnoDB: The error means the system cannot find the path specified.
InnoDB: If you are installing InnoDB, remember that you must create
InnoDB: directories yourself, InnoDB does not create them.
2018-06-22 14:10:11 8204 [ERROR] InnoDB: Could not find a valid tablespace file for 'phpmyadmin/pma__savedsearches'. See http://dev.mysql.com/doc/refman/5.6/en/innodb-troubleshooting-datadict.html for how to resolve the issue.
2018-06-22 14:10:11 8204 [ERROR] InnoDB: Tablespace open failed for '"phpmyadmin"."pma__savedsearches"', ignored.
2018-06-22 14:10:11 200c  InnoDB: Operating system error number 3 in a file operation.
InnoDB: The error means the system cannot find the path specified.
InnoDB: If you are installing InnoDB, remember that you must create
InnoDB: directories yourself, InnoDB does not create them.
2018-06-22 14:10:11 8204 [ERROR] InnoDB: Could not find a valid tablespace file for 'phpmyadmin/pma__table_coords'. See http://dev.mysql.com/doc/refman/5.6/en/innodb-troubleshooting-datadict.html for how to resolve the issue.
2018-06-22 14:10:11 8204 [ERROR] InnoDB: Tablespace open failed for '"phpmyadmin"."pma__table_coords"', ignored.
2018-06-22 14:10:11 200c  InnoDB: Operating system error number 3 in a file operation.
InnoDB: The error means the system cannot find the path specified.
InnoDB: If you are installing InnoDB, remember that you must create
InnoDB: directories yourself, InnoDB does not create them.
2018-06-22 14:10:11 8204 [ERROR] InnoDB: Could not find a valid tablespace file for 'phpmyadmin/pma__table_info'. See http://dev.mysql.com/doc/refman/5.6/en/innodb-troubleshooting-datadict.html for how to resolve the issue.
2018-06-22 14:10:11 8204 [ERROR] InnoDB: Tablespace open failed for '"phpmyadmin"."pma__table_info"', ignored.
2018-06-22 14:10:11 200c  InnoDB: Operating system error number 3 in a file operation.
InnoDB: The error means the system cannot find the path specified.
InnoDB: If you are installing InnoDB, remember that you must create
InnoDB: directories yourself, InnoDB does not create them.
2018-06-22 14:10:11 8204 [ERROR] InnoDB: Could not find a valid tablespace file for 'phpmyadmin/pma__table_uiprefs'. See http://dev.mysql.com/doc/refman/5.6/en/innodb-troubleshooting-datadict.html for how to resolve the issue.
2018-06-22 14:10:11 8204 [ERROR] InnoDB: Tablespace open failed for '"phpmyadmin"."pma__table_uiprefs"', ignored.
2018-06-22 14:10:11 200c  InnoDB: Operating system error number 3 in a file operation.
InnoDB: The error means the system cannot find the path specified.
InnoDB: If you are installing InnoDB, remember that you must create
InnoDB: directories yourself, InnoDB does not create them.
2018-06-22 14:10:11 8204 [ERROR] InnoDB: Could not find a valid tablespace file for 'phpmyadmin/pma__tracking'. See http://dev.mysql.com/doc/refman/5.6/en/innodb-troubleshooting-datadict.html for how to resolve the issue.
2018-06-22 14:10:11 8204 [ERROR] InnoDB: Tablespace open failed for '"phpmyadmin"."pma__tracking"', ignored.
2018-06-22 14:10:11 200c  InnoDB: Operating system error number 3 in a file operation.
InnoDB: The error means the system cannot find the path specified.
InnoDB: If you are installing InnoDB, remember that you must create
InnoDB: directories yourself, InnoDB does not create them.
2018-06-22 14:10:11 8204 [ERROR] InnoDB: Could not find a valid tablespace file for 'phpmyadmin/pma__userconfig'. See http://dev.mysql.com/doc/refman/5.6/en/innodb-troubleshooting-datadict.html for how to resolve the issue.
2018-06-22 14:10:11 8204 [ERROR] InnoDB: Tablespace open failed for '"phpmyadmin"."pma__userconfig"', ignored.
2018-06-22 14:10:11 200c  InnoDB: Operating system error number 3 in a file operation.
InnoDB: The error means the system cannot find the path specified.
InnoDB: If you are installing InnoDB, remember that you must create
InnoDB: directories yourself, InnoDB does not create them.
2018-06-22 14:10:11 8204 [ERROR] InnoDB: Could not find a valid tablespace file for 'phpmyadmin/pma__usergroups'. See http://dev.mysql.com/doc/refman/5.6/en/innodb-troubleshooting-datadict.html for how to resolve the issue.
2018-06-22 14:10:11 8204 [ERROR] InnoDB: Tablespace open failed for '"phpmyadmin"."pma__usergroups"', ignored.
2018-06-22 14:10:11 200c  InnoDB: Operating system error number 3 in a file operation.
InnoDB: The error means the system cannot find the path specified.
InnoDB: If you are installing InnoDB, remember that you must create
InnoDB: directories yourself, InnoDB does not create them.
2018-06-22 14:10:11 8204 [ERROR] InnoDB: Could not find a valid tablespace file for 'phpmyadmin/pma__users'. See http://dev.mysql.com/doc/refman/5.6/en/innodb-troubleshooting-datadict.html for how to resolve the issue.
2018-06-22 14:10:11 8204 [ERROR] InnoDB: Tablespace open failed for '"phpmyadmin"."pma__users"', ignored.
2018-06-22 14:10:11 8204 [Warning] InnoDB: Resizing redo log from 2*320 to 2*4096 pages, LSN=1835037
2018-06-22 14:10:12 8204 [Warning] InnoDB: Starting to delete and rewrite log files.
2018-06-22 14:10:12 8204 [Note] InnoDB: Setting log file .\ib_logfile101 size to 64 MB
2018-06-22 14:10:12 8204 [Note] InnoDB: Setting log file .\ib_logfile1 size to 64 MB
2018-06-22 14:10:12 8204 [Note] InnoDB: Renaming log file .\ib_logfile101 to .\ib_logfile0
2018-06-22 14:10:12 8204 [Warning] InnoDB: New log files created, LSN=1835532
2018-06-22 14:10:12 8204 [Note] InnoDB: 128 rollback segment(s) are active.
2018-06-22 14:10:12 8204 [Note] InnoDB: Waiting for purge to start
2018-06-22 14:10:12 8204 [Note] InnoDB:  Percona XtraDB (http://www.percona.com) 5.6.36-82.2 started; log sequence number 1835037
2018-06-22 14:10:12 9820 [Note] InnoDB: Dumping buffer pool(s) not yet started
2018-06-22 14:10:12 8204 [Note] Plugin 'FEEDBACK' is disabled.
2018-06-22 14:10:12 8204 [Note] Server socket created on IP: '::'.
2018-06-22 14:10:13 8204 [Note] mysql\bin\mysqld.exe: ready for connections.
Version: '10.1.28-MariaDB'  socket: ''  port: 3306  mariadb.org binary distribution
